Using pre-set license
Built from '2020.3/staging' branch; Version is '2020.3.16f1 (049d6eca3c44) revision 302446'; Using compiler version '192528614'; Build Type 'Release'
OS: 'Windows 10 Home; OS build 19042.1165; Version 2009; 64bit' Language: 'en' Physical Memory: 7545 MB
BatchMode: 1, IsHumanControllingUs: 0, StartBugReporterOnCrash: 0, Is64bit: 1, IsPro: 0

 COMMAND LINE ARGUMENTS:
C:\Program Files\Unity\Editor\Unity.exe
-adb2
-batchMode
-noUpm
-name
AssetImportWorker0
-projectPath
C:/Users/leo/Documents/GitHub/Trapy_Run_Demo/Trapy Run Demo
-logFile
Logs/AssetImportWorker0.log
-srvPort
51962
Successfully changed project path to: C:/Users/leo/Documents/GitHub/Trapy_Run_Demo/Trapy Run Demo
C:/Users/leo/Documents/GitHub/Trapy_Run_Demo/Trapy Run Demo
Using Asset Import Pipeline V2.
Refreshing native plugins compatible for Editor in 78.45 ms, found 2 plugins.
Preloading 0 native plugins for Editor in 0.00 ms.
Initialize engine version: 2020.3.16f1 (049d6eca3c44)
[Subsystems] Discovering subsystems at path C:/Program Files/Unity/Editor/Data/Resources/UnitySubsystems
[Subsystems] Discovering subsystems at path C:/Users/leo/Documents/GitHub/Trapy_Run_Demo/Trapy Run Demo/Assets
GfxDevice: creating device client; threaded=0
Direct3D:
    Version:  Direct3D 11.0 [level 11.1]
    Renderer: AMD Radeon(TM) RX 5600M Series (ID=0x731f)
    Vendor:   
    VRAM:     6099 MB
    Driver:   27.20.11018.6002
Shader 'Universal Render Pipeline/Particles/Lit': fallback shader 'Universal Render Pipeline/Particles/SimpleLit' not found
Initialize mono
Mono path[0] = 'C:/Program Files/Unity/Editor/Data/Managed'
Mono path[1] = 'C:/Program Files/Unity/Editor/Data/MonoBleedingEdge/lib/mono/unityjit'
Mono config path = 'C:/Program Files/Unity/Editor/Data/MonoBleedingEdge/etc'
Using monoOptions --debugger-agent=transport=dt_socket,embedding=1,server=y,suspend=n,address=127.0.0.1:56252
Begin MonoManager ReloadAssembly
Registering precompiled unity dll's ...
Register platform support module: C:/Program Files/Unity/Editor/Data/PlaybackEngines/WindowsStandaloneSupport/UnityEditor.WindowsStandalone.Extensions.dll
Registered in 0.002059 seconds.
Native extension for WindowsStandalone target not found
Refreshing native plugins compatible for Editor in 83.10 ms, found 2 plugins.
Preloading 0 native plugins for Editor in 0.00 ms.
Mono: successfully reloaded assembly
- Completed reload, in  1.326 seconds
Domain Reload Profiling:
	ReloadAssembly (1326ms)
		BeginReloadAssembly (64ms)
			ExecutionOrderSort (0ms)
			DisableScriptedObjects (0ms)
			BackupInstance (0ms)
			ReleaseScriptingObjects (0ms)
			CreateAndSetChildDomain (1ms)
		EndReloadAssembly (577ms)
			LoadAssemblies (61ms)
			RebuildTransferFunctionScriptingTraits (0ms)
			SetupTypeCache (198ms)
			ReleaseScriptCaches (0ms)
			RebuildScriptCaches (39ms)
			SetupLoadedEditorAssemblies (242ms)
				LogAssemblyErrors (0ms)
				InitializePlatformSupportModulesInManaged (5ms)
				SetLoadedEditorAssemblies (0ms)
				RefreshPlugins (83ms)
				BeforeProcessingInitializeOnLoad (17ms)
				ProcessInitializeOnLoadAttributes (102ms)
				ProcessInitializeOnLoadMethodAttributes (34ms)
				AfterProcessingInitializeOnLoad (0ms)
				EditorAssembliesLoaded (0ms)
			ExecutionOrderSort2 (0ms)
			AwakeInstancesAfterBackupRestoration (0ms)
Platform modules already initialized, skipping
Registering precompiled user dll's ...
Registered in 0.005184 seconds.
Begin MonoManager ReloadAssembly
Native extension for WindowsStandalone target not found
Refreshing native plugins compatible for Editor in 100.53 ms, found 2 plugins.
Preloading 0 native plugins for Editor in 0.00 ms.
Mono: successfully reloaded assembly
- Completed reload, in  1.970 seconds
Domain Reload Profiling:
	ReloadAssembly (1971ms)
		BeginReloadAssembly (193ms)
			ExecutionOrderSort (0ms)
			DisableScriptedObjects (8ms)
			BackupInstance (0ms)
			ReleaseScriptingObjects (0ms)
			CreateAndSetChildDomain (23ms)
		EndReloadAssembly (1691ms)
			LoadAssemblies (122ms)
			RebuildTransferFunctionScriptingTraits (0ms)
			SetupTypeCache (572ms)
			ReleaseScriptCaches (1ms)
			RebuildScriptCaches (121ms)
			SetupLoadedEditorAssemblies (681ms)
				LogAssemblyErrors (0ms)
				InitializePlatformSupportModulesInManaged (6ms)
				SetLoadedEditorAssemblies (0ms)
				RefreshPlugins (101ms)
				BeforeProcessingInitializeOnLoad (127ms)
				ProcessInitializeOnLoadAttributes (435ms)
				ProcessInitializeOnLoadMethodAttributes (6ms)
				AfterProcessingInitializeOnLoad (7ms)
				EditorAssembliesLoaded (0ms)
			ExecutionOrderSort2 (0ms)
			AwakeInstancesAfterBackupRestoration (8ms)
Platform modules already initialized, skipping
========================================================================
Worker process is ready to serve import requests
Shader 'Universal Render Pipeline/Particles/Lit': fallback shader 'Universal Render Pipeline/Particles/SimpleLit' not found
Launched and connected shader compiler UnityShaderCompiler.exe after 0.08 seconds
Refreshing native plugins compatible for Editor in 0.76 ms, found 2 plugins.
Preloading 0 native plugins for Editor in 0.00 ms.
Unloading 3206 Unused Serialized files (Serialized files now loaded: 0)
System memory in use before: 141.8 MB.
System memory in use after: 142.0 MB.

Unloading 22 unused Assets to reduce memory usage. Loaded Objects now: 3644.
Total: 5.129400 ms (FindLiveObjects: 0.478700 ms CreateObjectMapping: 0.205500 ms MarkObjects: 4.334600 ms  DeleteObjects: 0.108900 ms)

AssetImportParameters requested are different than current active one (requested -> active):
  custom:framework-win-MediaFoundation: 216162199b28c13a410421893ffa2e32 -> 
  custom:video-decoder-ogg-theora: a1e56fd34408186e4bbccfd4996cb3dc -> 
  custom:container-muxer-webm: aa71ff27fc2769a1b78a27578f13a17b -> 
  custom:container-demuxer-webm: 4f35f7cbe854078d1ac9338744f61a02 -> 
  custom:container-demuxer-ogg: 62fdf1f143b41e24485cea50d1cbac27 -> 
  custom:video-encoder-webm-vp8: eb34c28f22e8b96e1ab97ce403110664 -> 
  custom:video-codec-MediaFoundation-h265: 746d11721c4dcdbdad8f713fa42b33f4 -> 
  custom:video-decoder-webm-vp8: 9c59270c3fd7afecdb556c50c9e8de78 -> 
  custom:audio-decoder-ogg-vorbis: bf7c407c2cedff20999df2af8eb42d56 -> 
  custom:audio-encoder-webm-vorbis: bf7c407c2cedff20999df2af8eb42d56 -> 
========================================================================
Received Import Request.
  path: Assets/Scripts/GameManager.cs
  artifactKey: Guid(281b7e3e57615f040ba43d84b31458a4) Importer(815301076,1909f56bfc062723c751e8b465ee728b)
Start importing Assets/Scripts/GameManager.cs using Guid(281b7e3e57615f040ba43d84b31458a4) Importer(815301076,1909f56bfc062723c751e8b465ee728b)  -> (artifact id: 'b11bc86eccbbcad565578d3c3413f3c4') in 0.030780 seconds 
  Import took 0.036973 seconds .

========================================================================
Received Prepare
Registering precompiled user dll's ...
Registered in 0.118002 seconds.
Begin MonoManager ReloadAssembly
Native extension for WindowsStandalone target not found
Refreshing native plugins compatible for Editor in 0.74 ms, found 2 plugins.
Preloading 0 native plugins for Editor in 0.00 ms.
Mono: successfully reloaded assembly
- Completed reload, in  1.611 seconds
Domain Reload Profiling:
	ReloadAssembly (1611ms)
		BeginReloadAssembly (136ms)
			ExecutionOrderSort (0ms)
			DisableScriptedObjects (5ms)
			BackupInstance (0ms)
			ReleaseScriptingObjects (0ms)
			CreateAndSetChildDomain (44ms)
		EndReloadAssembly (1397ms)
			LoadAssemblies (109ms)
			RebuildTransferFunctionScriptingTraits (0ms)
			SetupTypeCache (398ms)
			ReleaseScriptCaches (1ms)
			RebuildScriptCaches (57ms)
			SetupLoadedEditorAssemblies (628ms)
				LogAssemblyErrors (0ms)
				InitializePlatformSupportModulesInManaged (5ms)
				SetLoadedEditorAssemblies (1ms)
				RefreshPlugins (1ms)
				BeforeProcessingInitializeOnLoad (120ms)
				ProcessInitializeOnLoadAttributes (491ms)
				ProcessInitializeOnLoadMethodAttributes (5ms)
				AfterProcessingInitializeOnLoad (7ms)
				EditorAssembliesLoaded (0ms)
			ExecutionOrderSort2 (0ms)
			AwakeInstancesAfterBackupRestoration (13ms)
Platform modules already initialized, skipping
Shader 'Universal Render Pipeline/Particles/Lit': fallback shader 'Universal Render Pipeline/Particles/SimpleLit' not found
Refreshing native plugins compatible for Editor in 0.71 ms, found 2 plugins.
Preloading 0 native plugins for Editor in 0.00 ms.
Unloading 3093 Unused Serialized files (Serialized files now loaded: 0)
System memory in use before: 134.5 MB.
System memory in use after: 134.7 MB.

Unloading 15 unused Assets to reduce memory usage. Loaded Objects now: 3646.
Total: 5.172000 ms (FindLiveObjects: 0.515600 ms CreateObjectMapping: 0.220200 ms MarkObjects: 4.404100 ms  DeleteObjects: 0.030200 ms)

AssetImportParameters requested are different than current active one (requested -> active):
  custom:framework-win-MediaFoundation: 216162199b28c13a410421893ffa2e32 -> 
  custom:video-decoder-ogg-theora: a1e56fd34408186e4bbccfd4996cb3dc -> 
  custom:container-muxer-webm: aa71ff27fc2769a1b78a27578f13a17b -> 
  custom:container-demuxer-webm: 4f35f7cbe854078d1ac9338744f61a02 -> 
  custom:container-demuxer-ogg: 62fdf1f143b41e24485cea50d1cbac27 -> 
  custom:video-encoder-webm-vp8: eb34c28f22e8b96e1ab97ce403110664 -> 
  custom:video-codec-MediaFoundation-h265: 746d11721c4dcdbdad8f713fa42b33f4 -> 
  custom:video-decoder-webm-vp8: 9c59270c3fd7afecdb556c50c9e8de78 -> 
  custom:audio-decoder-ogg-vorbis: bf7c407c2cedff20999df2af8eb42d56 -> 
  custom:audio-encoder-webm-vorbis: bf7c407c2cedff20999df2af8eb42d56 -> 
========================================================================
Received Import Request.
  Time since last request: 966.723901 seconds.
  path: Assets/Scripts/GameManager.cs
  artifactKey: Guid(281b7e3e57615f040ba43d84b31458a4) Importer(815301076,1909f56bfc062723c751e8b465ee728b)
Start importing Assets/Scripts/GameManager.cs using Guid(281b7e3e57615f040ba43d84b31458a4) Importer(815301076,1909f56bfc062723c751e8b465ee728b)  -> (artifact id: 'c4d52f55b91708f5c3eb3de9f7476694') in 0.013355 seconds 
  Import took 0.020463 seconds .

========================================================================
Received Prepare
Registering precompiled user dll's ...
Registered in 0.004665 seconds.
Begin MonoManager ReloadAssembly
Native extension for WindowsStandalone target not found
Refreshing native plugins compatible for Editor in 0.77 ms, found 2 plugins.
Preloading 0 native plugins for Editor in 0.00 ms.
Mono: successfully reloaded assembly
- Completed reload, in  1.420 seconds
Domain Reload Profiling:
	ReloadAssembly (1421ms)
		BeginReloadAssembly (142ms)
			ExecutionOrderSort (0ms)
			DisableScriptedObjects (5ms)
			BackupInstance (0ms)
			ReleaseScriptingObjects (0ms)
			CreateAndSetChildDomain (45ms)
		EndReloadAssembly (1200ms)
			LoadAssemblies (106ms)
			RebuildTransferFunctionScriptingTraits (0ms)
			SetupTypeCache (384ms)
			ReleaseScriptCaches (1ms)
			RebuildScriptCaches (56ms)
			SetupLoadedEditorAssemblies (506ms)
				LogAssemblyErrors (0ms)
				InitializePlatformSupportModulesInManaged (5ms)
				SetLoadedEditorAssemblies (1ms)
				RefreshPlugins (1ms)
				BeforeProcessingInitializeOnLoad (119ms)
				ProcessInitializeOnLoadAttributes (369ms)
				ProcessInitializeOnLoadMethodAttributes (5ms)
				AfterProcessingInitializeOnLoad (7ms)
				EditorAssembliesLoaded (0ms)
			ExecutionOrderSort2 (0ms)
			AwakeInstancesAfterBackupRestoration (12ms)
Platform modules already initialized, skipping
Shader 'Universal Render Pipeline/Particles/Lit': fallback shader 'Universal Render Pipeline/Particles/SimpleLit' not found
Refreshing native plugins compatible for Editor in 0.91 ms, found 2 plugins.
Preloading 0 native plugins for Editor in 0.00 ms.
Unloading 3093 Unused Serialized files (Serialized files now loaded: 0)
System memory in use before: 134.6 MB.
System memory in use after: 134.8 MB.

Unloading 15 unused Assets to reduce memory usage. Loaded Objects now: 3648.
Total: 5.156200 ms (FindLiveObjects: 0.462200 ms CreateObjectMapping: 0.213300 ms MarkObjects: 4.451400 ms  DeleteObjects: 0.027000 ms)

AssetImportParameters requested are different than current active one (requested -> active):
  custom:framework-win-MediaFoundation: 216162199b28c13a410421893ffa2e32 -> 
  custom:video-decoder-ogg-theora: a1e56fd34408186e4bbccfd4996cb3dc -> 
  custom:container-muxer-webm: aa71ff27fc2769a1b78a27578f13a17b -> 
  custom:container-demuxer-webm: 4f35f7cbe854078d1ac9338744f61a02 -> 
  custom:container-demuxer-ogg: 62fdf1f143b41e24485cea50d1cbac27 -> 
  custom:video-encoder-webm-vp8: eb34c28f22e8b96e1ab97ce403110664 -> 
  custom:video-codec-MediaFoundation-h265: 746d11721c4dcdbdad8f713fa42b33f4 -> 
  custom:video-decoder-webm-vp8: 9c59270c3fd7afecdb556c50c9e8de78 -> 
  custom:audio-decoder-ogg-vorbis: bf7c407c2cedff20999df2af8eb42d56 -> 
  custom:audio-encoder-webm-vorbis: bf7c407c2cedff20999df2af8eb42d56 -> 
========================================================================
Received Prepare
Registering precompiled user dll's ...
Registered in 0.004862 seconds.
Begin MonoManager ReloadAssembly
Native extension for WindowsStandalone target not found
Refreshing native plugins compatible for Editor in 0.74 ms, found 2 plugins.
Preloading 0 native plugins for Editor in 0.00 ms.
Mono: successfully reloaded assembly
- Completed reload, in  1.405 seconds
Domain Reload Profiling:
	ReloadAssembly (1405ms)
		BeginReloadAssembly (130ms)
			ExecutionOrderSort (0ms)
			DisableScriptedObjects (5ms)
			BackupInstance (0ms)
			ReleaseScriptingObjects (0ms)
			CreateAndSetChildDomain (43ms)
		EndReloadAssembly (1198ms)
			LoadAssemblies (104ms)
			RebuildTransferFunctionScriptingTraits (0ms)
			SetupTypeCache (379ms)
			ReleaseScriptCaches (1ms)
			RebuildScriptCaches (57ms)
			SetupLoadedEditorAssemblies (503ms)
				LogAssemblyErrors (0ms)
				InitializePlatformSupportModulesInManaged (5ms)
				SetLoadedEditorAssemblies (1ms)
				RefreshPlugins (1ms)
				BeforeProcessingInitializeOnLoad (121ms)
				ProcessInitializeOnLoadAttributes (364ms)
				ProcessInitializeOnLoadMethodAttributes (5ms)
				AfterProcessingInitializeOnLoad (7ms)
				EditorAssembliesLoaded (0ms)
			ExecutionOrderSort2 (0ms)
			AwakeInstancesAfterBackupRestoration (12ms)
Platform modules already initialized, skipping
Shader 'Universal Render Pipeline/Particles/Lit': fallback shader 'Universal Render Pipeline/Particles/SimpleLit' not found
Refreshing native plugins compatible for Editor in 0.70 ms, found 2 plugins.
Preloading 0 native plugins for Editor in 0.00 ms.
Unloading 3093 Unused Serialized files (Serialized files now loaded: 0)
System memory in use before: 134.6 MB.
System memory in use after: 134.8 MB.

Unloading 15 unused Assets to reduce memory usage. Loaded Objects now: 3650.
Total: 5.653300 ms (FindLiveObjects: 0.475100 ms CreateObjectMapping: 0.230700 ms MarkObjects: 4.915700 ms  DeleteObjects: 0.029400 ms)

AssetImportParameters requested are different than current active one (requested -> active):
  custom:framework-win-MediaFoundation: 216162199b28c13a410421893ffa2e32 -> 
  custom:video-decoder-ogg-theora: a1e56fd34408186e4bbccfd4996cb3dc -> 
  custom:container-muxer-webm: aa71ff27fc2769a1b78a27578f13a17b -> 
  custom:container-demuxer-webm: 4f35f7cbe854078d1ac9338744f61a02 -> 
  custom:container-demuxer-ogg: 62fdf1f143b41e24485cea50d1cbac27 -> 
  custom:video-encoder-webm-vp8: eb34c28f22e8b96e1ab97ce403110664 -> 
  custom:video-codec-MediaFoundation-h265: 746d11721c4dcdbdad8f713fa42b33f4 -> 
  custom:video-decoder-webm-vp8: 9c59270c3fd7afecdb556c50c9e8de78 -> 
  custom:audio-decoder-ogg-vorbis: bf7c407c2cedff20999df2af8eb42d56 -> 
  custom:audio-encoder-webm-vorbis: bf7c407c2cedff20999df2af8eb42d56 -> 
========================================================================
Received Prepare
Registering precompiled user dll's ...
Registered in 0.005028 seconds.
Begin MonoManager ReloadAssembly
Native extension for WindowsStandalone target not found
Refreshing native plugins compatible for Editor in 0.70 ms, found 2 plugins.
Preloading 0 native plugins for Editor in 0.00 ms.
Mono: successfully reloaded assembly
- Completed reload, in  1.377 seconds
Domain Reload Profiling:
	ReloadAssembly (1377ms)
		BeginReloadAssembly (125ms)
			ExecutionOrderSort (0ms)
			DisableScriptedObjects (5ms)
			BackupInstance (0ms)
			ReleaseScriptingObjects (0ms)
			CreateAndSetChildDomain (43ms)
		EndReloadAssembly (1173ms)
			LoadAssemblies (108ms)
			RebuildTransferFunctionScriptingTraits (0ms)
			SetupTypeCache (373ms)
			ReleaseScriptCaches (1ms)
			RebuildScriptCaches (56ms)
			SetupLoadedEditorAssemblies (495ms)
				LogAssemblyErrors (0ms)
				InitializePlatformSupportModulesInManaged (5ms)
				SetLoadedEditorAssemblies (1ms)
				RefreshPlugins (1ms)
				BeforeProcessingInitializeOnLoad (121ms)
				ProcessInitializeOnLoadAttributes (356ms)
				ProcessInitializeOnLoadMethodAttributes (5ms)
				AfterProcessingInitializeOnLoad (7ms)
				EditorAssembliesLoaded (0ms)
			ExecutionOrderSort2 (0ms)
			AwakeInstancesAfterBackupRestoration (11ms)
Platform modules already initialized, skipping
Shader 'Universal Render Pipeline/Particles/Lit': fallback shader 'Universal Render Pipeline/Particles/SimpleLit' not found
Refreshing native plugins compatible for Editor in 0.71 ms, found 2 plugins.
Preloading 0 native plugins for Editor in 0.00 ms.
Unloading 3093 Unused Serialized files (Serialized files now loaded: 0)
System memory in use before: 134.6 MB.
System memory in use after: 134.8 MB.

Unloading 15 unused Assets to reduce memory usage. Loaded Objects now: 3652.
Total: 5.530300 ms (FindLiveObjects: 0.468900 ms CreateObjectMapping: 0.213900 ms MarkObjects: 4.818500 ms  DeleteObjects: 0.026200 ms)

AssetImportParameters requested are different than current active one (requested -> active):
  custom:framework-win-MediaFoundation: 216162199b28c13a410421893ffa2e32 -> 
  custom:video-decoder-ogg-theora: a1e56fd34408186e4bbccfd4996cb3dc -> 
  custom:container-muxer-webm: aa71ff27fc2769a1b78a27578f13a17b -> 
  custom:container-demuxer-webm: 4f35f7cbe854078d1ac9338744f61a02 -> 
  custom:container-demuxer-ogg: 62fdf1f143b41e24485cea50d1cbac27 -> 
  custom:video-encoder-webm-vp8: eb34c28f22e8b96e1ab97ce403110664 -> 
  custom:video-codec-MediaFoundation-h265: 746d11721c4dcdbdad8f713fa42b33f4 -> 
  custom:video-decoder-webm-vp8: 9c59270c3fd7afecdb556c50c9e8de78 -> 
  custom:audio-decoder-ogg-vorbis: bf7c407c2cedff20999df2af8eb42d56 -> 
  custom:audio-encoder-webm-vorbis: bf7c407c2cedff20999df2af8eb42d56 -> 
========================================================================
Received Import Request.
  Time since last request: 942.296499 seconds.
  path: Assets/Animations/Animated Tutorial
  artifactKey: Guid(4a8c3004825eb34448f3694d512cd14c) Importer(815301076,1909f56bfc062723c751e8b465ee728b)
Start importing Assets/Animations/Animated Tutorial using Guid(4a8c3004825eb34448f3694d512cd14c) Importer(815301076,1909f56bfc062723c751e8b465ee728b)  -> (artifact id: '63898bd3f16a6a1a12c5459254663361') in 0.014032 seconds 
  Import took 0.021858 seconds .

========================================================================
Received Import Request.
  Time since last request: 63.391436 seconds.
  path: Assets/Animations/Animated Tutorial/Tutorial Controller.controller
  artifactKey: Guid(292a80cdd5911354ab4bd43c7d68624c) Importer(815301076,1909f56bfc062723c751e8b465ee728b)
Start importing Assets/Animations/Animated Tutorial/Tutorial Controller.controller using Guid(292a80cdd5911354ab4bd43c7d68624c) Importer(815301076,1909f56bfc062723c751e8b465ee728b)  -> (artifact id: '1278553d4b6a4b86aac1befd42bcc0d1') in 0.021295 seconds 
  Import took 0.028163 seconds .

========================================================================
Received Import Request.
  Time since last request: 8.722311 seconds.
  path: Assets/Animations/Animated Tutorial/Idle Slide.anim
  artifactKey: Guid(990cf17a6d899b34380171dcd1e4a4cf) Importer(815301076,1909f56bfc062723c751e8b465ee728b)
Start importing Assets/Animations/Animated Tutorial/Idle Slide.anim using Guid(990cf17a6d899b34380171dcd1e4a4cf) Importer(815301076,1909f56bfc062723c751e8b465ee728b)  -> (artifact id: '07d4c7835f8c406b541197e495753d4a') in 0.011191 seconds 
  Import took 0.017840 seconds .

========================================================================
Received Import Request.
  Time since last request: 1046.445207 seconds.
  path: Assets/UI Icons
  artifactKey: Guid(091d02a5618ab414f9cb096090590abc) Importer(815301076,1909f56bfc062723c751e8b465ee728b)
Start importing Assets/UI Icons using Guid(091d02a5618ab414f9cb096090590abc) Importer(815301076,1909f56bfc062723c751e8b465ee728b)  -> (artifact id: '93574ed7e2b1bebaf558de460118bf80') in 0.010663 seconds 
  Import took 0.017708 seconds .

========================================================================
Received Import Request.
  Time since last request: 17.876298 seconds.
  path: Assets/UI Icons/reload-icon-16887.png
  artifactKey: Guid(baf2fdc2398b42e4388765b606cdf1f7) Importer(815301076,1909f56bfc062723c751e8b465ee728b)
Start importing Assets/UI Icons/reload-icon-16887.png using Guid(baf2fdc2398b42e4388765b606cdf1f7) Importer(815301076,1909f56bfc062723c751e8b465ee728b)  -> (artifact id: '15de05815d1878f3fa4d99975391c2c8') in 0.072106 seconds 
  Import took 0.079141 seconds .

========================================================================
Received Import Request.
  Time since last request: 2.425021 seconds.
  path: Assets/UI Icons/next.png
  artifactKey: Guid(f1b6bd51fe98caa4ba887f25dba693c7) Importer(815301076,1909f56bfc062723c751e8b465ee728b)
Start importing Assets/UI Icons/next.png using Guid(f1b6bd51fe98caa4ba887f25dba693c7) Importer(815301076,1909f56bfc062723c751e8b465ee728b)  -> (artifact id: '75338b3671b51dab6130ea91644f9394') in 0.020774 seconds 
  Import took 0.028758 seconds .

========================================================================
Received Import Request.
  Time since last request: 12.882093 seconds.
  path: Assets/UI Icons/click-png-45034.png
  artifactKey: Guid(3ef3bfecd46bc1f43adca9b4a004b17f) Importer(815301076,1909f56bfc062723c751e8b465ee728b)
Start importing Assets/UI Icons/click-png-45034.png using Guid(3ef3bfecd46bc1f43adca9b4a004b17f) Importer(815301076,1909f56bfc062723c751e8b465ee728b)  -> (artifact id: '9a51662f6285644648281d7a1071d20b') in 0.020635 seconds 
  Import took 0.029251 seconds .

========================================================================
Received Import Request.
  Time since last request: 8.869479 seconds.
  path: Assets/UI Icons/click-png-45034.png
  artifactKey: Guid(3ef3bfecd46bc1f43adca9b4a004b17f) Importer(815301076,1909f56bfc062723c751e8b465ee728b)
Start importing Assets/UI Icons/click-png-45034.png using Guid(3ef3bfecd46bc1f43adca9b4a004b17f) Importer(815301076,1909f56bfc062723c751e8b465ee728b)  -> (artifact id: 'a336669aac9e2c21c89ed39d996e3730') in 0.063179 seconds 
  Import took 0.069500 seconds .

========================================================================
Received Import Request.
  Time since last request: 4.847275 seconds.
  path: Assets/UI Icons/next.png
  artifactKey: Guid(f1b6bd51fe98caa4ba887f25dba693c7) Importer(815301076,1909f56bfc062723c751e8b465ee728b)
Start importing Assets/UI Icons/next.png using Guid(f1b6bd51fe98caa4ba887f25dba693c7) Importer(815301076,1909f56bfc062723c751e8b465ee728b)  -> (artifact id: 'dd7a5eeb15e440cd18e4ec976a9eea85') in 0.021615 seconds 
  Import took 0.028873 seconds .

========================================================================
Received Import Request.
  Time since last request: 8.604608 seconds.
  path: Assets/UI Icons/reload-icon-16887.png
  artifactKey: Guid(baf2fdc2398b42e4388765b606cdf1f7) Importer(815301076,1909f56bfc062723c751e8b465ee728b)
Start importing Assets/UI Icons/reload-icon-16887.png using Guid(baf2fdc2398b42e4388765b606cdf1f7) Importer(815301076,1909f56bfc062723c751e8b465ee728b)  -> (artifact id: '4d259ef326a41be246c161fed9ddd3b3') in 0.025626 seconds 
  Import took 0.031961 seconds .

========================================================================
Received Import Request.
  Time since last request: 0.004442 seconds.
  path: Assets/UI Icons/reload-icon-16887.png
  artifactKey: Guid(baf2fdc2398b42e4388765b606cdf1f7) Importer(815301076,1909f56bfc062723c751e8b465ee728b)
Start importing Assets/UI Icons/reload-icon-16887.png using Guid(baf2fdc2398b42e4388765b606cdf1f7) Importer(815301076,1909f56bfc062723c751e8b465ee728b)  -> (artifact id: '4d259ef326a41be246c161fed9ddd3b3') in 0.016793 seconds 
  Import took 0.023533 seconds .

========================================================================
Received Import Request.
  Time since last request: 439.473562 seconds.
  path: Assets/UI Icons/PikPng.com_refresh-icon-png-transparent_4296578.png
  artifactKey: Guid(3cd645aa0e5c59b4fb50905e138ad7c0) Importer(815301076,1909f56bfc062723c751e8b465ee728b)
Start importing Assets/UI Icons/PikPng.com_refresh-icon-png-transparent_4296578.png using Guid(3cd645aa0e5c59b4fb50905e138ad7c0) Importer(815301076,1909f56bfc062723c751e8b465ee728b)  -> (artifact id: '01fb53b41621955075167f2860f4d86b') in 0.021424 seconds 
  Import took 0.028020 seconds .

========================================================================
Received Import Request.
  Time since last request: 9.102045 seconds.
  path: Assets/UI Icons/PikPng.com_refresh-icon-png-transparent_4296578.png
  artifactKey: Guid(3cd645aa0e5c59b4fb50905e138ad7c0) Importer(815301076,1909f56bfc062723c751e8b465ee728b)
Start importing Assets/UI Icons/PikPng.com_refresh-icon-png-transparent_4296578.png using Guid(3cd645aa0e5c59b4fb50905e138ad7c0) Importer(815301076,1909f56bfc062723c751e8b465ee728b)  -> (artifact id: 'c710284d2d04674a44b2ed3d82b4b149') in 0.027733 seconds 
  Import took 0.034009 seconds .

========================================================================
Received Import Request.
  Time since last request: 0.000661 seconds.
  path: Assets/UI Icons/PikPng.com_refresh-icon-png-transparent_4296578.png
  artifactKey: Guid(3cd645aa0e5c59b4fb50905e138ad7c0) Importer(815301076,1909f56bfc062723c751e8b465ee728b)
Start importing Assets/UI Icons/PikPng.com_refresh-icon-png-transparent_4296578.png using Guid(3cd645aa0e5c59b4fb50905e138ad7c0) Importer(815301076,1909f56bfc062723c751e8b465ee728b)  -> (artifact id: 'c710284d2d04674a44b2ed3d82b4b149') in 0.031824 seconds 
  Import took 0.037888 seconds .

========================================================================
Received Import Request.
  Time since last request: 201.250886 seconds.
  path: Assets/UI Icons/PngItem_273974.png
  artifactKey: Guid(4961109a6abb4e34b83f9a0080d492ab) Importer(815301076,1909f56bfc062723c751e8b465ee728b)
Start importing Assets/UI Icons/PngItem_273974.png using Guid(4961109a6abb4e34b83f9a0080d492ab) Importer(815301076,1909f56bfc062723c751e8b465ee728b)  -> (artifact id: '69c881d876af5ee6d66a683737d06f7d') in 0.020375 seconds 
  Import took 0.027182 seconds .

========================================================================
Received Import Request.
  Time since last request: 3.650637 seconds.
  path: Assets/UI Icons/PngItem_273974.png
  artifactKey: Guid(4961109a6abb4e34b83f9a0080d492ab) Importer(815301076,1909f56bfc062723c751e8b465ee728b)
Start importing Assets/UI Icons/PngItem_273974.png using Guid(4961109a6abb4e34b83f9a0080d492ab) Importer(815301076,1909f56bfc062723c751e8b465ee728b)  -> (artifact id: '569ed11ed3d38d61001e253c79a34867') in 0.024204 seconds 
  Import took 0.030646 seconds .

========================================================================
Received Import Request.
  Time since last request: 0.004351 seconds.
  path: Assets/UI Icons/PngItem_273974.png
  artifactKey: Guid(4961109a6abb4e34b83f9a0080d492ab) Importer(815301076,1909f56bfc062723c751e8b465ee728b)
Start importing Assets/UI Icons/PngItem_273974.png using Guid(4961109a6abb4e34b83f9a0080d492ab) Importer(815301076,1909f56bfc062723c751e8b465ee728b)  -> (artifact id: '569ed11ed3d38d61001e253c79a34867') in 0.030116 seconds 
  Import took 0.036727 seconds .

========================================================================
Received Prepare
Registering precompiled user dll's ...
Registered in 0.009129 seconds.
Begin MonoManager ReloadAssembly
Native extension for WindowsStandalone target not found
Refreshing native plugins compatible for Editor in 0.72 ms, found 2 plugins.
Preloading 0 native plugins for Editor in 0.00 ms.
Mono: successfully reloaded assembly
- Completed reload, in  1.406 seconds
Domain Reload Profiling:
	ReloadAssembly (1407ms)
		BeginReloadAssembly (142ms)
			ExecutionOrderSort (0ms)
			DisableScriptedObjects (6ms)
			BackupInstance (0ms)
			ReleaseScriptingObjects (0ms)
			CreateAndSetChildDomain (49ms)
		EndReloadAssembly (1187ms)
			LoadAssemblies (103ms)
			RebuildTransferFunctionScriptingTraits (0ms)
			SetupTypeCache (381ms)
			ReleaseScriptCaches (2ms)
			RebuildScriptCaches (57ms)
			SetupLoadedEditorAssemblies (494ms)
				LogAssemblyErrors (0ms)
				InitializePlatformSupportModulesInManaged (5ms)
				SetLoadedEditorAssemblies (1ms)
				RefreshPlugins (1ms)
				BeforeProcessingInitializeOnLoad (119ms)
				ProcessInitializeOnLoadAttributes (357ms)
				ProcessInitializeOnLoadMethodAttributes (5ms)
				AfterProcessingInitializeOnLoad (7ms)
				EditorAssembliesLoaded (0ms)
			ExecutionOrderSort2 (0ms)
			AwakeInstancesAfterBackupRestoration (15ms)
Platform modules already initialized, skipping
Shader 'Universal Render Pipeline/Particles/Lit': fallback shader 'Universal Render Pipeline/Particles/SimpleLit' not found
Refreshing native plugins compatible for Editor in 0.74 ms, found 2 plugins.
Preloading 0 native plugins for Editor in 0.00 ms.
Unloading 3106 Unused Serialized files (Serialized files now loaded: 0)
System memory in use before: 141.7 MB.
System memory in use after: 141.2 MB.

Unloading 28 unused Assets to reduce memory usage. Loaded Objects now: 3666.
Total: 5.135900 ms (FindLiveObjects: 0.399700 ms CreateObjectMapping: 0.129100 ms MarkObjects: 4.233000 ms  DeleteObjects: 0.370800 ms)

AssetImportParameters requested are different than current active one (requested -> active):
  custom:framework-win-MediaFoundation: 216162199b28c13a410421893ffa2e32 -> 
  custom:video-decoder-ogg-theora: a1e56fd34408186e4bbccfd4996cb3dc -> 
  custom:container-muxer-webm: aa71ff27fc2769a1b78a27578f13a17b -> 
  custom:container-demuxer-webm: 4f35f7cbe854078d1ac9338744f61a02 -> 
  custom:container-demuxer-ogg: 62fdf1f143b41e24485cea50d1cbac27 -> 
  custom:video-encoder-webm-vp8: eb34c28f22e8b96e1ab97ce403110664 -> 
  custom:video-codec-MediaFoundation-h265: 746d11721c4dcdbdad8f713fa42b33f4 -> 
  custom:video-decoder-webm-vp8: 9c59270c3fd7afecdb556c50c9e8de78 -> 
  custom:audio-decoder-ogg-vorbis: bf7c407c2cedff20999df2af8eb42d56 -> 
  custom:audio-encoder-webm-vorbis: bf7c407c2cedff20999df2af8eb42d56 -> 
========================================================================
Received Import Request.
  Time since last request: 272.352320 seconds.
  path: Assets/Prefabs/GameManager.prefab
  artifactKey: Guid(84264beac410006498adb54b635a3a3d) Importer(815301076,1909f56bfc062723c751e8b465ee728b)
Start importing Assets/Prefabs/GameManager.prefab using Guid(84264beac410006498adb54b635a3a3d) Importer(815301076,1909f56bfc062723c751e8b465ee728b)  -> (artifact id: '7d5ce73aa1ec003d449e0b0f06d91928') in 0.117392 seconds 
  Import took 0.125584 seconds .

AssetImportWorkerClient::OnTransportError - code=2 error=End of file
